<?xml version="1.0" encoding="UTF-8"?>
<!-- Generated by org.testng.reporters.JUnitReportReporter -->
<testsuite hostname="Piotrek-HP" name="net.phptravels.home.FeaturedOnChrome" tests="6" failures="0" timestamp="12 Nov 2016 15:40:18 GMT" time="137.438" errors="0">
  <testcase name="isOfferPageOpenAfterClickImgInFeaturedOffers" time="19.974" classname="net.phptravels.home.FeaturedOnChrome"/>
  <testcase name="isOfferPageOpenAfterClickImgInFeaturedOffers" time="20.055" classname="net.phptravels.home.FeaturedOnChrome"/>
  <testcase name="isOfferPageOpenAfterClickImgInFeaturedOffers" time="20.787" classname="net.phptravels.home.FeaturedOnChrome"/>
  <testcase name="isOfferPageOpenAfterClickImgInFeaturedOffers" time="20.033" classname="net.phptravels.home.FeaturedOnChrome"/>
  <testcase name="isOfferPageOpenAfterClickImgInFeaturedOffers" time="26.968" classname="net.phptravels.home.FeaturedOnChrome"/>
  <testcase name="isOfferPageOpenAfterClickImgInFeaturedOffers" time="29.621" classname="net.phptravels.home.FeaturedOnChrome"/>
</testsuite> <!-- net.phptravels.home.FeaturedOnChrome -->
