<?xml version="1.0" encoding="UTF-8"?>
<!-- Generated by org.testng.reporters.JUnitReportReporter -->
<testsuite hostname="Piotrek-HP" name="net.phptravels.home.HeaderTopOnChrome" tests="7" failures="0" timestamp="31 Oct 2016 16:24:15 GMT" time="154.420" errors="0">
  <testcase name="isPhoneNumberCorrect" time="20.807" classname="net.phptravels.home.HeaderTopOnChrome"/>
  <testcase name="selectGBPoundCurrency" time="22.975" classname="net.phptravels.home.HeaderTopOnChrome"/>
  <testcase name="isUSDollarSelected" time="21.422" classname="net.phptravels.home.HeaderTopOnChrome"/>
  <testcase name="selectSpanishLanguage" time="29.887" classname="net.phptravels.home.HeaderTopOnChrome"/>
  <testcase name="isEmailHrefCorrect" time="17.599" classname="net.phptravels.home.HeaderTopOnChrome"/>
  <testcase name="isEnglishLanguageSelected" time="19.752" classname="net.phptravels.home.HeaderTopOnChrome"/>
  <testcase name="isEmailTextCorrect" time="21.978" classname="net.phptravels.home.HeaderTopOnChrome"/>
</testsuite> <!-- net.phptravels.home.HeaderTopOnChrome -->
