<?xml version="1.0" encoding="UTF-8"?>
<!-- Generated by org.testng.reporters.JUnitReportReporter -->
<testsuite hostname="Piotrek-HP" name="net.phptravels.home.NavbarTopOnFirefox" tests="10" failures="0" timestamp="3 Nov 2016 08:54:02 GMT" time="197.122" errors="0">
  <testcase name="isFlightsPageOpenWhenClickFlights" time="19.890" classname="net.phptravels.home.NavbarTopOnFirefox"/>
  <testcase name="isToursPageOpenWhenClickTours" time="18.290" classname="net.phptravels.home.NavbarTopOnFirefox"/>
  <testcase name="isCarsPageOpenWhenClickCars" time="19.512" classname="net.phptravels.home.NavbarTopOnFirefox"/>
  <testcase name="isOffersPageOpenWhenClickOffers" time="18.184" classname="net.phptravels.home.NavbarTopOnFirefox"/>
  <testcase name="isHomePageOpenWhenClickLogo" time="25.411" classname="net.phptravels.home.NavbarTopOnFirefox"/>
  <testcase name="isBlogPageOpenWhenClickBlog" time="18.866" classname="net.phptravels.home.NavbarTopOnFirefox"/>
  <testcase name="isLoginPageOpenWhenClickLoginFromMyAccount" time="20.830" classname="net.phptravels.home.NavbarTopOnFirefox"/>
  <testcase name="isSignUpPageOpenWhenClickLoginFromMyAccount" time="17.142" classname="net.phptravels.home.NavbarTopOnFirefox"/>
  <testcase name="isHomePageOpenWhenClickHome" time="21.429" classname="net.phptravels.home.NavbarTopOnFirefox"/>
  <testcase name="isHotelsPageOpenWhenClickHotels" time="17.568" classname="net.phptravels.home.NavbarTopOnFirefox"/>
</testsuite> <!-- net.phptravels.home.NavbarTopOnFirefox -->
