<?xml version="1.0" encoding="UTF-8"?>
<!-- Generated by org.testng.reporters.JUnitReportReporter -->
<testsuite hostname="Piotrek-HP" name="net.phptravels.home.HeaderTopOnFirefox" tests="7" failures="0" timestamp="31 Oct 2016 16:24:15 GMT" time="162.955" errors="0">
  <testcase name="isEnglishLanguageSelected" time="22.604" classname="net.phptravels.home.HeaderTopOnFirefox"/>
  <testcase name="isPhoneNumberCorrect" time="20.687" classname="net.phptravels.home.HeaderTopOnFirefox"/>
  <testcase name="selectSpanishLanguage" time="29.141" classname="net.phptravels.home.HeaderTopOnFirefox"/>
  <testcase name="selectGBPoundCurrency" time="23.690" classname="net.phptravels.home.HeaderTopOnFirefox"/>
  <testcase name="isEmailTextCorrect" time="22.903" classname="net.phptravels.home.HeaderTopOnFirefox"/>
  <testcase name="isEmailHrefCorrect" time="21.576" classname="net.phptravels.home.HeaderTopOnFirefox"/>
  <testcase name="isUSDollarSelected" time="22.354" classname="net.phptravels.home.HeaderTopOnFirefox"/>
</testsuite> <!-- net.phptravels.home.HeaderTopOnFirefox -->
