<?xml version="1.0" encoding="UTF-8"?>
<!-- Generated by org.testng.reporters.JUnitReportReporter -->
<testsuite hostname="Piotrek-HP" name="net.phptravels.home.NavbarTopOnChrome" tests="10" failures="0" timestamp="1 Nov 2016 11:10:39 GMT" time="201.674" errors="0">
  <testcase name="isBlogPageOpenWhenClickBlog" time="16.909" classname="net.phptravels.home.NavbarTopOnChrome"/>
  <testcase name="isHomePageOpenWhenClickHome" time="23.304" classname="net.phptravels.home.NavbarTopOnChrome"/>
  <testcase name="isOffersPageOpenWhenClickOffers" time="18.019" classname="net.phptravels.home.NavbarTopOnChrome"/>
  <testcase name="isSignUpPageOpenWhenClickLoginFromMyAccount" time="21.142" classname="net.phptravels.home.NavbarTopOnChrome"/>
  <testcase name="isFlightsPageOpenWhenClickFlights" time="20.266" classname="net.phptravels.home.NavbarTopOnChrome"/>
  <testcase name="isLoginPageOpenWhenClickLoginFromMyAccount" time="22.191" classname="net.phptravels.home.NavbarTopOnChrome"/>
  <testcase name="isToursPageOpenWhenClickTours" time="20.140" classname="net.phptravels.home.NavbarTopOnChrome"/>
  <testcase name="isHomePageOpenWhenClickLogo" time="22.531" classname="net.phptravels.home.NavbarTopOnChrome"/>
  <testcase name="isCarsPageOpenWhenClickCars" time="18.314" classname="net.phptravels.home.NavbarTopOnChrome"/>
  <testcase name="isHotelsPageOpenWhenClickHotels" time="18.858" classname="net.phptravels.home.NavbarTopOnChrome"/>
</testsuite> <!-- net.phptravels.home.NavbarTopOnChrome -->
