<?xml version="1.0" encoding="UTF-8"?>
<!-- Generated by org.testng.reporters.JUnitReportReporter -->
<testsuite hostname="Piotrek-HP" name="net.phptravels.home.FeaturedOnIE" tests="24" failures="0" timestamp="12 Nov 2016 16:21:19 GMT" time="418.261" errors="0">
  <testcase name="isTourPageOpenAfterClickImgInFeaturedTours" time="13.918" classname="net.phptravels.home.FeaturedOnIE"/>
  <testcase name="isTourPageOpenAfterClickImgInFeaturedTours" time="15.839" classname="net.phptravels.home.FeaturedOnIE"/>
  <testcase name="isHotelPageOpenAfterClickImgInFeaturedHotels" time="26.945" classname="net.phptravels.home.FeaturedOnIE"/>
  <testcase name="isHotelPageOpenAfterClickImgInFeaturedHotels" time="20.907" classname="net.phptravels.home.FeaturedOnIE"/>
  <testcase name="isCarPageOpenAfterClickImgInFeaturedCars" time="17.370" classname="net.phptravels.home.FeaturedOnIE"/>
  <testcase name="isOfferPageOpenAfterClickImgInFeaturedOffers" time="15.588" classname="net.phptravels.home.FeaturedOnIE"/>
  <testcase name="isCarPageOpenAfterClickImgInFeaturedCars" time="15.568" classname="net.phptravels.home.FeaturedOnIE"/>
  <testcase name="isOfferPageOpenAfterClickImgInFeaturedOffers" time="14.427" classname="net.phptravels.home.FeaturedOnIE"/>
  <testcase name="isTourPageOpenAfterClickImgInFeaturedTours" time="15.703" classname="net.phptravels.home.FeaturedOnIE"/>
  <testcase name="isOfferPageOpenAfterClickImgInFeaturedOffers" time="17.376" classname="net.phptravels.home.FeaturedOnIE"/>
  <testcase name="isHotelPageOpenAfterClickImgInFeaturedHotels" time="22.716" classname="net.phptravels.home.FeaturedOnIE"/>
  <testcase name="isHotelPageOpenAfterClickImgInFeaturedHotels" time="21.101" classname="net.phptravels.home.FeaturedOnIE"/>
  <testcase name="isHotelPageOpenAfterClickImgInFeaturedHotels" time="21.726" classname="net.phptravels.home.FeaturedOnIE"/>
  <testcase name="isTourPageOpenAfterClickImgInFeaturedTours" time="16.439" classname="net.phptravels.home.FeaturedOnIE"/>
  <testcase name="isOfferPageOpenAfterClickImgInFeaturedOffers" time="15.530" classname="net.phptravels.home.FeaturedOnIE"/>
  <testcase name="isTourPageOpenAfterClickImgInFeaturedTours" time="15.809" classname="net.phptravels.home.FeaturedOnIE"/>
  <testcase name="isCarPageOpenAfterClickImgInFeaturedCars" time="14.214" classname="net.phptravels.home.FeaturedOnIE"/>
  <testcase name="isOfferPageOpenAfterClickImgInFeaturedOffers" time="13.380" classname="net.phptravels.home.FeaturedOnIE"/>
  <testcase name="isCarPageOpenAfterClickImgInFeaturedCars" time="15.786" classname="net.phptravels.home.FeaturedOnIE"/>
  <testcase name="isOfferPageOpenAfterClickImgInFeaturedOffers" time="16.853" classname="net.phptravels.home.FeaturedOnIE"/>
  <testcase name="isCarPageOpenAfterClickImgInFeaturedCars" time="15.980" classname="net.phptravels.home.FeaturedOnIE"/>
  <testcase name="isCarPageOpenAfterClickImgInFeaturedCars" time="17.369" classname="net.phptravels.home.FeaturedOnIE"/>
  <testcase name="isTourPageOpenAfterClickImgInFeaturedTours" time="14.320" classname="net.phptravels.home.FeaturedOnIE"/>
  <testcase name="isHotelPageOpenAfterClickImgInFeaturedHotels" time="23.397" classname="net.phptravels.home.FeaturedOnIE"/>
</testsuite> <!-- net.phptravels.home.FeaturedOnIE -->
