<?xml version="1.0" encoding="UTF-8"?>
<!-- Generated by org.testng.reporters.JUnitReportReporter -->
<testsuite hostname="Piotrek-HP" name="net.phptravels.home.SlideUpOnChrome" tests="8" failures="0" timestamp="10 Nov 2016 22:13:23 GMT" time="209.548" errors="0">
  <testcase name="isSearchResultsOpenAfterSearchCar" time="23.909" classname="net.phptravels.home.SlideUpOnChrome"/>
  <testcase name="isSearchResultsOpenAfterSearchCar" time="28.371" classname="net.phptravels.home.SlideUpOnChrome"/>
  <testcase name="isSearchResultsOpenAfterSearchCar" time="31.729" classname="net.phptravels.home.SlideUpOnChrome"/>
  <testcase name="isSearchResultsOpenAfterSearchCar" time="27.578" classname="net.phptravels.home.SlideUpOnChrome"/>
  <testcase name="isSearchResultsOpenAfterSearchCar" time="27.873" classname="net.phptravels.home.SlideUpOnChrome"/>
  <testcase name="isSearchResultsOpenAfterSearchCar" time="22.933" classname="net.phptravels.home.SlideUpOnChrome"/>
  <testcase name="isSearchResultsOpenAfterSearchCar" time="23.391" classname="net.phptravels.home.SlideUpOnChrome"/>
  <testcase name="isSearchResultsOpenAfterSearchCar" time="23.764" classname="net.phptravels.home.SlideUpOnChrome"/>
</testsuite> <!-- net.phptravels.home.SlideUpOnChrome -->
