<?xml version="1.0" encoding="UTF-8"?>
<!-- Generated by org.testng.reporters.JUnitReportReporter -->
<testsuite hostname="Piotrek-HP" name="net.phptravels.home.HeaderTopOnIE" tests="1" failures="0" timestamp="31 Oct 2016 16:48:22 GMT" time="35.151" errors="0">
  <testcase name="selectSpanishLanguage" time="35.151" classname="net.phptravels.home.HeaderTopOnIE"/>
</testsuite> <!-- net.phptravels.home.HeaderTopOnIE -->
