<?xml version="1.0" encoding="UTF-8"?>
<!-- Generated by org.testng.reporters.JUnitReportReporter -->
<testsuite hostname="Piotrek-HP" name="net.phptravels.home.SlideUpOnFirefox" tests="6" failures="0" timestamp="11 Nov 2016 08:29:07 GMT" time="188.963" errors="0">
  <testcase name="isSearchResultsOpenAfterSearchCar" time="28.574" classname="net.phptravels.home.SlideUpOnFirefox"/>
  <testcase name="isSearchResultsOpenAfterSearchCar" time="31.740" classname="net.phptravels.home.SlideUpOnFirefox"/>
  <testcase name="isSearchResultsOpenAfterSearchCar" time="32.553" classname="net.phptravels.home.SlideUpOnFirefox"/>
  <testcase name="isSearchResultsOpenAfterSearchCar" time="32.192" classname="net.phptravels.home.SlideUpOnFirefox"/>
  <testcase name="isSearchResultsOpenAfterSearchCar" time="31.651" classname="net.phptravels.home.SlideUpOnFirefox"/>
  <testcase name="isSearchResultsOpenAfterSearchCar" time="32.253" classname="net.phptravels.home.SlideUpOnFirefox"/>
</testsuite> <!-- net.phptravels.home.SlideUpOnFirefox -->
