<?xml version="1.0" encoding="UTF-8"?>
<!-- Generated by org.testng.reporters.JUnitReportReporter -->
<testsuite hostname="Piotrek-HP" name="net.phptravels.home.FeaturedOnFirefox" tests="24" failures="0" timestamp="12 Nov 2016 16:10:32 GMT" time="519.096" errors="0">
  <testcase name="isHotelPageOpenAfterClickImgInFeaturedHotels" time="22.830" classname="net.phptravels.home.FeaturedOnFirefox"/>
  <testcase name="isOfferPageOpenAfterClickImgInFeaturedOffers" time="20.214" classname="net.phptravels.home.FeaturedOnFirefox"/>
  <testcase name="isCarPageOpenAfterClickImgInFeaturedCars" time="26.180" classname="net.phptravels.home.FeaturedOnFirefox"/>
  <testcase name="isCarPageOpenAfterClickImgInFeaturedCars" time="19.620" classname="net.phptravels.home.FeaturedOnFirefox"/>
  <testcase name="isTourPageOpenAfterClickImgInFeaturedTours" time="22.440" classname="net.phptravels.home.FeaturedOnFirefox"/>
  <testcase name="isCarPageOpenAfterClickImgInFeaturedCars" time="24.968" classname="net.phptravels.home.FeaturedOnFirefox"/>
  <testcase name="isTourPageOpenAfterClickImgInFeaturedTours" time="22.525" classname="net.phptravels.home.FeaturedOnFirefox"/>
  <testcase name="isTourPageOpenAfterClickImgInFeaturedTours" time="21.509" classname="net.phptravels.home.FeaturedOnFirefox"/>
  <testcase name="isTourPageOpenAfterClickImgInFeaturedTours" time="19.862" classname="net.phptravels.home.FeaturedOnFirefox"/>
  <testcase name="isOfferPageOpenAfterClickImgInFeaturedOffers" time="18.016" classname="net.phptravels.home.FeaturedOnFirefox"/>
  <testcase name="isOfferPageOpenAfterClickImgInFeaturedOffers" time="21.934" classname="net.phptravels.home.FeaturedOnFirefox"/>
  <testcase name="isCarPageOpenAfterClickImgInFeaturedCars" time="21.714" classname="net.phptravels.home.FeaturedOnFirefox"/>
  <testcase name="isHotelPageOpenAfterClickImgInFeaturedHotels" time="21.094" classname="net.phptravels.home.FeaturedOnFirefox"/>
  <testcase name="isTourPageOpenAfterClickImgInFeaturedTours" time="22.423" classname="net.phptravels.home.FeaturedOnFirefox"/>
  <testcase name="isCarPageOpenAfterClickImgInFeaturedCars" time="20.157" classname="net.phptravels.home.FeaturedOnFirefox"/>
  <testcase name="isOfferPageOpenAfterClickImgInFeaturedOffers" time="21.020" classname="net.phptravels.home.FeaturedOnFirefox"/>
  <testcase name="isHotelPageOpenAfterClickImgInFeaturedHotels" time="20.919" classname="net.phptravels.home.FeaturedOnFirefox"/>
  <testcase name="isCarPageOpenAfterClickImgInFeaturedCars" time="22.938" classname="net.phptravels.home.FeaturedOnFirefox"/>
  <testcase name="isHotelPageOpenAfterClickImgInFeaturedHotels" time="21.325" classname="net.phptravels.home.FeaturedOnFirefox"/>
  <testcase name="isOfferPageOpenAfterClickImgInFeaturedOffers" time="20.054" classname="net.phptravels.home.FeaturedOnFirefox"/>
  <testcase name="isOfferPageOpenAfterClickImgInFeaturedOffers" time="19.725" classname="net.phptravels.home.FeaturedOnFirefox"/>
  <testcase name="isHotelPageOpenAfterClickImgInFeaturedHotels" time="21.601" classname="net.phptravels.home.FeaturedOnFirefox"/>
  <testcase name="isTourPageOpenAfterClickImgInFeaturedTours" time="23.794" classname="net.phptravels.home.FeaturedOnFirefox"/>
  <testcase name="isHotelPageOpenAfterClickImgInFeaturedHotels" time="22.234" classname="net.phptravels.home.FeaturedOnFirefox"/>
</testsuite> <!-- net.phptravels.home.FeaturedOnFirefox -->
