<?xml version="1.0" encoding="UTF-8"?>
<!-- Generated by org.testng.reporters.JUnitReportReporter -->
<testsuite hostname="Piotrek-HP" name="net.phptravels.home.NavbarTopOnIE" tests="10" failures="0" timestamp="1 Nov 2016 12:38:32 GMT" time="237.545" errors="0">
  <testcase name="isLoginPageOpenWhenClickLoginFromMyAccount" time="21.083" classname="net.phptravels.home.NavbarTopOnIE"/>
  <testcase name="isBlogPageOpenWhenClickBlog" time="20.392" classname="net.phptravels.home.NavbarTopOnIE"/>
  <testcase name="isCarsPageOpenWhenClickCars" time="23.932" classname="net.phptravels.home.NavbarTopOnIE"/>
  <testcase name="isOffersPageOpenWhenClickOffers" time="18.749" classname="net.phptravels.home.NavbarTopOnIE"/>
  <testcase name="isHomePageOpenWhenClickHome" time="29.908" classname="net.phptravels.home.NavbarTopOnIE"/>
  <testcase name="isHomePageOpenWhenClickLogo" time="33.343" classname="net.phptravels.home.NavbarTopOnIE"/>
  <testcase name="isSignUpPageOpenWhenClickLoginFromMyAccount" time="22.123" classname="net.phptravels.home.NavbarTopOnIE"/>
  <testcase name="isFlightsPageOpenWhenClickFlights" time="26.907" classname="net.phptravels.home.NavbarTopOnIE"/>
  <testcase name="isHotelsPageOpenWhenClickHotels" time="19.360" classname="net.phptravels.home.NavbarTopOnIE"/>
  <testcase name="isToursPageOpenWhenClickTours" time="21.748" classname="net.phptravels.home.NavbarTopOnIE"/>
</testsuite> <!-- net.phptravels.home.NavbarTopOnIE -->
