<?xml version="1.0" encoding="UTF-8"?>
<!-- Generated by org.testng.reporters.JUnitReportReporter -->
<testsuite hostname="Piotrek-HP" name="net.phptravels.home.SlideUpOnIE" tests="8" failures="0" timestamp="10 Nov 2016 22:30:22 GMT" time="339.339" errors="0">
  <testcase name="isSearchResultsOpenAfterSearchCar" time="49.435" classname="net.phptravels.home.SlideUpOnIE"/>
  <testcase name="isSearchResultsOpenAfterSearchCar" time="48.237" classname="net.phptravels.home.SlideUpOnIE"/>
  <testcase name="isSearchResultsOpenAfterSearchCar" time="38.023" classname="net.phptravels.home.SlideUpOnIE"/>
  <testcase name="isSearchResultsOpenAfterSearchCar" time="46.096" classname="net.phptravels.home.SlideUpOnIE"/>
  <testcase name="isSearchResultsOpenAfterSearchCar" time="39.113" classname="net.phptravels.home.SlideUpOnIE"/>
  <testcase name="isSearchResultsOpenAfterSearchCar" time="42.723" classname="net.phptravels.home.SlideUpOnIE"/>
  <testcase name="isSearchResultsOpenAfterSearchCar" time="41.291" classname="net.phptravels.home.SlideUpOnIE"/>
  <testcase name="isSearchResultsOpenAfterSearchCar" time="34.421" classname="net.phptravels.home.SlideUpOnIE"/>
</testsuite> <!-- net.phptravels.home.SlideUpOnIE -->
